<?xml version="1.0" encoding="UTF-8"?>
<!-- Generated by org.testng.reporters.JUnitReportReporter -->
<testsuite hostname="DESKTOP-DML4OCM" failures="0" tests="1" name="Tests.AddProducts" time="14.795" errors="0" timestamp="2024-10-19T22:45:20 EEST" skipped="0">
  <testcase classname="Tests.AddProducts" name="addProductsToCart" time="14.795"/>
</testsuite> <!-- Tests.AddProducts -->
