<?xml version="1.0" encoding="UTF-8"?>
<!-- Generated by org.testng.reporters.JUnitReportReporter -->
<testsuite hostname="DESKTOP-DML4OCM" failures="0" tests="1" name="Tests.Products" time="14.437" errors="0" timestamp="2024-10-19T23:00:59 EEST" skipped="0">
  <testcase classname="Tests.Products" name="verifyAllProductsAndDetailPage" time="14.437"/>
</testsuite> <!-- Tests.Products -->
